running test generator:generator...
mkdir: ./tests/bin: File exists
mkdir: ./tests/generator/artifacts/obj: File exists
compiling artifact c++03 Dialog0
compiling artifact c++03 Menu0
compiling artifact c++03 Picture0
compiling artifact c++03 TEST_WINDOW
compiling artifact c++03 abmain
artifacts library packed
artifacts library done
compiling test c++03 consumer
[doctest] run with "--help" for options
running generated test consumer
Ap: Unable to locate Photon (0)
[doctest] run with "--help" for options
===============================================================================
./tests/generator/generator.cpp:16:
TEST CASE:  Checks of generation of UI
  Generating test for UI

./tests/generator/generator.cpp:94: FATAL ERROR: REQUIRE( 0 == std::system("./tests/bin/consumer -nv -nc") ) is NOT correct!
  values: REQUIRE( 0 == 256 )

===============================================================================
[doctest] test cases:      1 |      0 passed |      1 failed |      0 skipped
[doctest] assertions:      7 |      6 passed |      1 failed |
[doctest] Status: FAILURE!
...failed with 1.
running test microGUI:1phwidgets_init...
...ok.
running test microGUI:comparison...
...ok.
running test microGUI:font_collection...
...ok.
running test microGUI:font_def...
...ok.
running test microGUI:font_family...
...ok.
running test microGUI:prop_active_widget...
...ok.
running test microGUI:prop_allowdrop...
...ok.
running test microGUI:prop_anchor...
...ok.
running test microGUI:prop_basic_size...
...ok.
running test microGUI:prop_bevel_width...
...ok.
running test microGUI:prop_bounds...
...ok.
running test microGUI:prop_canfocus...
...ok.
running test microGUI:prop_canselect...
...ok.
running test microGUI:prop_color...
...ok.
running test microGUI:prop_containsfocus...
...ok.
running test microGUI:prop_cursor...
...ok.
running test microGUI:prop_enabled...
...ok.
running test microGUI:prop_focused...
...ok.
running test microGUI:prop_image...
...ok.
running test microGUI:prop_parent...
...ok.
running test microGUI:prop_text...
...ok.
running test microGUI:prop_widgets...
...ok.
running test microGUI:swap_idiom...
...ok.
running test service:properties...
...ok.
unsuccessful tests: generator:generator;
